<?xml version="1.0" encoding="UTF-8"?>
<testsuite name="LibraryTest" tests="1" skipped="0" failures="0" errors="0" timestamp="2016-10-03T17:26:00" hostname="nani" time="0.014">
  <properties/>
  <testcase name="testSomeLibraryMethod" classname="LibraryTest" time="0.014"/>
  <system-out><![CDATA[]]></system-out>
  <system-err><![CDATA[]]></system-err>
</testsuite>
